gpgv: Signature made Thu Apr 26 23:38:40 2018 UTC
gpgv:                using RSA key 3B4FE6ACC0B21F32
gpgv: Good signature from "Ubuntu Archive Automatic Signing Key (2012) <ftpmaster@ubuntu.com>"
gpgv: Signature made Thu Apr 26 23:38:40 2018 UTC
gpgv:                using RSA key 3B4FE6ACC0B21F32
gpgv: Good signature from "Ubuntu Archive Automatic Signing Key (2012) <ftpmaster@ubuntu.com>"
dpkg: warning: parsing file '/var/lib/dpkg/status' near line 5 package 'dpkg':
 missing description
dpkg: warning: parsing file '/var/lib/dpkg/status' near line 5 package 'dpkg':
 missing architecture
Selecting previously unselected package base-passwd.
(Reading database ... 0 files and directories currently installed.)
Preparing to unpack .../base-passwd_3.5.44_amd64.deb ...
Unpacking base-passwd (3.5.44) ...
dpkg: base-passwd: dependency problems, but configuring anyway as you requested:
 base-passwd depends on libc6 (>= 2.8); however:
  Package libc6 is not installed.
 base-passwd depends on libdebconfclient0 (>= 0.145); however:
  Package libdebconfclient0 is not installed.

Setting up base-passwd (3.5.44) ...
dpkg: warning: parsing file '/var/lib/dpkg/status' near line 24 package 'dpkg':
 missing description
dpkg: warning: parsing file '/var/lib/dpkg/status' near line 24 package 'dpkg':
 missing architecture
Selecting previously unselected package base-files.
dpkg: regarding .../base-files_10.1ubuntu2_amd64.deb containing base-files, pre-dependency problem:
 base-files pre-depends on awk
  awk is not installed.

dpkg: warning: ignoring pre-dependency problem!
(Reading database ... 41 files and directories currently installed.)
Preparing to unpack .../base-files_10.1ubuntu2_amd64.deb ...
Unpacking base-files (10.1ubuntu2) ...
dpkg: base-files: dependency problems, but configuring anyway as you requested:
 base-files depends on awk; however:
  Package awk is not installed.

Setting up base-files (10.1ubuntu2) ...
dpkg: warning: parsing file '/var/lib/dpkg/status' near line 58 package 'dpkg':
 missing description
dpkg: warning: parsing file '/var/lib/dpkg/status' near line 58 package 'dpkg':
 missing architecture
dpkg: regarding .../dpkg_1.19.0.5ubuntu2_amd64.deb containing dpkg, pre-dependency problem:
 dpkg pre-depends on libbz2-1.0
  libbz2-1.0 is not installed.

dpkg: warning: ignoring pre-dependency problem!
dpkg: regarding .../dpkg_1.19.0.5ubuntu2_amd64.deb containing dpkg, pre-dependency problem:
 dpkg pre-depends on libc6 (>= 2.14)
  libc6 is not installed.

dpkg: warning: ignoring pre-dependency problem!
dpkg: regarding .../dpkg_1.19.0.5ubuntu2_amd64.deb containing dpkg, pre-dependency problem:
 dpkg pre-depends on liblzma5 (>= 5.2.2)
  liblzma5 is not installed.

dpkg: warning: ignoring pre-dependency problem!
dpkg: regarding .../dpkg_1.19.0.5ubuntu2_amd64.deb containing dpkg, pre-dependency problem:
 dpkg pre-depends on libselinux1 (>= 2.3)
  libselinux1 is not installed.

dpkg: warning: ignoring pre-dependency problem!
dpkg: regarding .../dpkg_1.19.0.5ubuntu2_amd64.deb containing dpkg, pre-dependency problem:
 dpkg pre-depends on libzstd1 (>= 1.3.2)
  libzstd1 is not installed.

dpkg: warning: ignoring pre-dependency problem!
dpkg: regarding .../dpkg_1.19.0.5ubuntu2_amd64.deb containing dpkg, pre-dependency problem:
 dpkg pre-depends on zlib1g (>= 1:1.1.4)
  zlib1g is not installed.

dpkg: warning: ignoring pre-dependency problem!
(Reading database ... 132 files and directories currently installed.)
Preparing to unpack .../dpkg_1.19.0.5ubuntu2_amd64.deb ...
Unpacking dpkg (1.19.0.5ubuntu2) over (1.19.0.5ubuntu2) ...
dpkg: dpkg: dependency problems, but configuring anyway as you requested:
 dpkg depends on libbz2-1.0; however:
  Package libbz2-1.0 is not installed.
 dpkg depends on libc6 (>= 2.14); however:
  Package libc6 is not installed.
 dpkg depends on liblzma5 (>= 5.2.2); however:
  Package liblzma5 is not installed.
 dpkg depends on libselinux1 (>= 2.3); however:
  Package libselinux1 is not installed.
 dpkg depends on libzstd1 (>= 1.3.2); however:
  Package libzstd1 is not installed.
 dpkg depends on zlib1g (>= 1:1.1.4); however:
  Package zlib1g is not installed.
 dpkg depends on tar (>= 1.28-1); however:
  Package tar is not installed.

Setting up dpkg (1.19.0.5ubuntu2) ...
Selecting previously unselected package libc6:amd64.
(Reading database ... 380 files and directories currently installed.)
Preparing to unpack .../libc6_2.27-3ubuntu1_amd64.deb ...
Unpacking libc6:amd64 (2.27-3ubuntu1) ...
dpkg: libc6:amd64: dependency problems, but configuring anyway as you requested:
 libc6:amd64 depends on libgcc1; however:
  Package libgcc1 is not installed.

Setting up libc6:amd64 (2.27-3ubuntu1) ...
Selecting previously unselected package perl-base.
(Reading database ... 697 files and directories currently installed.)
Preparing to unpack .../perl-base_5.26.1-6_amd64.deb ...
Unpacking perl-base (5.26.1-6) ...
Setting up perl-base (5.26.1-6) ...
Selecting previously unselected package mawk.
(Reading database ... 1344 files and directories currently installed.)
Preparing to unpack .../mawk_1.3.3-17ubuntu3_amd64.deb ...
Unpacking mawk (1.3.3-17ubuntu3) ...
Setting up mawk (1.3.3-17ubuntu3) ...
(Reading database ... 1362 files and directories currently installed.)
Preparing to unpack .../base-files_10.1ubuntu2_amd64.deb ...
Unpacking base-files (10.1ubuntu2) over (10.1ubuntu2) ...
Preparing to unpack .../base-passwd_3.5.44_amd64.deb ...
Unpacking base-passwd (3.5.44) over (3.5.44) ...
Selecting previously unselected package bash.
dpkg: regarding .../bash_4.4.18-2ubuntu1_amd64.deb containing bash, pre-dependency problem:
 bash pre-depends on libtinfo5 (>= 6)
  libtinfo5 is not installed.

dpkg: warning: ignoring pre-dependency problem!
Preparing to unpack .../bash_4.4.18-2ubuntu1_amd64.deb ...
Unpacking bash (4.4.18-2ubuntu1) ...
Selecting previously unselected package bsdutils.
dpkg: regarding .../bsdutils_1%3a2.31.1-0.4ubuntu3_amd64.deb containing bsdutils, pre-dependency problem:
 bsdutils pre-depends on libsystemd0
  libsystemd0 is not installed.

dpkg: warning: ignoring pre-dependency problem!
Preparing to unpack .../bsdutils_1%3a2.31.1-0.4ubuntu3_amd64.deb ...
Unpacking bsdutils (1:2.31.1-0.4ubuntu3) ...
Selecting previously unselected package coreutils.
dpkg: regarding .../coreutils_8.28-1ubuntu1_amd64.deb containing coreutils, pre-dependency problem:
 coreutils pre-depends on libacl1 (>= 2.2.51-8)
  libacl1 is not installed.

dpkg: warning: ignoring pre-dependency problem!
dpkg: regarding .../coreutils_8.28-1ubuntu1_amd64.deb containing coreutils, pre-dependency problem:
 coreutils pre-depends on libattr1 (>= 1:2.4.46-8)
  libattr1 is not installed.

dpkg: warning: ignoring pre-dependency problem!
dpkg: regarding .../coreutils_8.28-1ubuntu1_amd64.deb containing coreutils, pre-dependency problem:
 coreutils pre-depends on libselinux1 (>= 2.1.13)
  libselinux1 is not installed.

dpkg: warning: ignoring pre-dependency problem!
Preparing to unpack .../coreutils_8.28-1ubuntu1_amd64.deb ...
Unpacking coreutils (8.28-1ubuntu1) ...
Selecting previously unselected package dash.
Preparing to unpack .../dash_0.5.8-2.10_amd64.deb ...
No diversion 'diversion of /bin/sh by dash', none removed.
Adding 'diversion of /bin/sh to /bin/sh.distrib by bash'
No diversion 'diversion of /usr/share/man/man1/sh.1.gz by dash', none removed.
Adding 'diversion of /usr/share/man/man1/sh.1.gz to /usr/share/man/man1/sh.distrib.1.gz by bash'
Unpacking dash (0.5.8-2.10) ...
Selecting previously unselected package debconf.
Preparing to unpack .../debconf_1.5.66_all.deb ...
Unpacking debconf (1.5.66) ...
Selecting previously unselected package debianutils.
Preparing to unpack .../debianutils_4.8.4_amd64.deb ...
Unpacking debianutils (4.8.4) ...
Selecting previously unselected package diffutils.
Preparing to unpack .../diffutils_1%3a3.6-1_amd64.deb ...
Unpacking diffutils (1:3.6-1) ...
dpkg: regarding .../dpkg_1.19.0.5ubuntu2_amd64.deb containing dpkg, pre-dependency problem:
 dpkg pre-depends on libbz2-1.0
  libbz2-1.0 is not installed.

dpkg: warning: ignoring pre-dependency problem!
dpkg: regarding .../dpkg_1.19.0.5ubuntu2_amd64.deb containing dpkg, pre-dependency problem:
 dpkg pre-depends on liblzma5 (>= 5.2.2)
  liblzma5 is not installed.

dpkg: warning: ignoring pre-dependency problem!
dpkg: regarding .../dpkg_1.19.0.5ubuntu2_amd64.deb containing dpkg, pre-dependency problem:
 dpkg pre-depends on libselinux1 (>= 2.3)
  libselinux1 is not installed.

dpkg: warning: ignoring pre-dependency problem!
dpkg: regarding .../dpkg_1.19.0.5ubuntu2_amd64.deb containing dpkg, pre-dependency problem:
 dpkg pre-depends on libzstd1 (>= 1.3.2)
  libzstd1 is not installed.

dpkg: warning: ignoring pre-dependency problem!
dpkg: regarding .../dpkg_1.19.0.5ubuntu2_amd64.deb containing dpkg, pre-dependency problem:
 dpkg pre-depends on zlib1g (>= 1:1.1.4)
  zlib1g is not installed.

dpkg: warning: ignoring pre-dependency problem!
Preparing to unpack .../dpkg_1.19.0.5ubuntu2_amd64.deb ...
Unpacking dpkg (1.19.0.5ubuntu2) over (1.19.0.5ubuntu2) ...
Selecting previously unselected package e2fsprogs.
dpkg: regarding .../e2fsprogs_1.44.1-1_amd64.deb containing e2fsprogs, pre-dependency problem:
 e2fsprogs pre-depends on libblkid1 (>= 2.17.2)
  libblkid1 is not installed.

dpkg: warning: ignoring pre-dependency problem!
dpkg: regarding .../e2fsprogs_1.44.1-1_amd64.deb containing e2fsprogs, pre-dependency problem:
 e2fsprogs pre-depends on libcom-err2 (>= 1.42~WIP-2011-10-05-1)
  libcom-err2 is not installed.

dpkg: warning: ignoring pre-dependency problem!
dpkg: regarding .../e2fsprogs_1.44.1-1_amd64.deb containing e2fsprogs, pre-dependency problem:
 e2fsprogs pre-depends on libext2fs2 (= 1.44.1-1)
  libext2fs2 is not installed.

dpkg: warning: ignoring pre-dependency problem!
dpkg: regarding .../e2fsprogs_1.44.1-1_amd64.deb containing e2fsprogs, pre-dependency problem:
 e2fsprogs pre-depends on libss2 (>= 1.34-1)
  libss2 is not installed.

dpkg: warning: ignoring pre-dependency problem!
dpkg: regarding .../e2fsprogs_1.44.1-1_amd64.deb containing e2fsprogs, pre-dependency problem:
 e2fsprogs pre-depends on libuuid1 (>= 2.16)
  libuuid1 is not installed.

dpkg: warning: ignoring pre-dependency problem!
Preparing to unpack .../e2fsprogs_1.44.1-1_amd64.deb ...
Unpacking e2fsprogs (1.44.1-1) ...
Selecting previously unselected package fdisk.
Preparing to unpack .../fdisk_2.31.1-0.4ubuntu3_amd64.deb ...
Unpacking fdisk (2.31.1-0.4ubuntu3) ...
Selecting previously unselected package findutils.
dpkg: regarding .../findutils_4.6.0+git+20170828-2_amd64.deb containing findutils, pre-dependency problem:
 findutils pre-depends on libselinux1 (>= 1.32)
  libselinux1 is not installed.

dpkg: warning: ignoring pre-dependency problem!
Preparing to unpack .../findutils_4.6.0+git+20170828-2_amd64.deb ...
Unpacking findutils (4.6.0+git+20170828-2) ...
Selecting previously unselected package gcc-8-base:amd64.
Preparing to unpack .../gcc-8-base_8-20180414-1ubuntu2_amd64.deb ...
Unpacking gcc-8-base:amd64 (8-20180414-1ubuntu2) ...
Selecting previously unselected package grep.
dpkg: regarding .../archives/grep_3.1-2_amd64.deb containing grep, pre-dependency problem:
 grep pre-depends on libpcre3
  libpcre3 is not installed.

dpkg: warning: ignoring pre-dependency problem!
Preparing to unpack .../archives/grep_3.1-2_amd64.deb ...
Unpacking grep (3.1-2) ...
Selecting previously unselected package gzip.
Preparing to unpack .../gzip_1.6-5ubuntu1_amd64.deb ...
Unpacking gzip (1.6-5ubuntu1) ...
Selecting previously unselected package hostname.
Preparing to unpack .../hostname_3.20_amd64.deb ...
Unpacking hostname (3.20) ...
Selecting previously unselected package init-system-helpers.
Preparing to unpack .../init-system-helpers_1.51_all.deb ...
Unpacking init-system-helpers (1.51) ...
Selecting previously unselected package libacl1:amd64.
Preparing to unpack .../libacl1_2.2.52-3build1_amd64.deb ...
Unpacking libacl1:amd64 (2.2.52-3build1) ...
Selecting previously unselected package libattr1:amd64.
Preparing to unpack .../libattr1_1%3a2.4.47-2build1_amd64.deb ...
Unpacking libattr1:amd64 (1:2.4.47-2build1) ...
Selecting previously unselected package libaudit-common.
Preparing to unpack .../libaudit-common_1%3a2.8.2-1ubuntu1_all.deb ...
Unpacking libaudit-common (1:2.8.2-1ubuntu1) ...
Selecting previously unselected package libaudit1:amd64.
Preparing to unpack .../libaudit1_1%3a2.8.2-1ubuntu1_amd64.deb ...
Unpacking libaudit1:amd64 (1:2.8.2-1ubuntu1) ...
Selecting previously unselected package libblkid1:amd64.
Preparing to unpack .../libblkid1_2.31.1-0.4ubuntu3_amd64.deb ...
Unpacking libblkid1:amd64 (2.31.1-0.4ubuntu3) ...
Selecting previously unselected package libbz2-1.0:amd64.
Preparing to unpack .../libbz2-1.0_1.0.6-8.1_amd64.deb ...
Unpacking libbz2-1.0:amd64 (1.0.6-8.1) ...
Selecting previously unselected package libc-bin.
Preparing to unpack .../libc-bin_2.27-3ubuntu1_amd64.deb ...
Unpacking libc-bin (2.27-3ubuntu1) ...
Preparing to unpack .../libc6_2.27-3ubuntu1_amd64.deb ...
Unpacking libc6:amd64 (2.27-3ubuntu1) over (2.27-3ubuntu1) ...
Selecting previously unselected package libcap-ng0:amd64.
Preparing to unpack .../libcap-ng0_0.7.7-3.1_amd64.deb ...
Unpacking libcap-ng0:amd64 (0.7.7-3.1) ...
Selecting previously unselected package libcom-err2:amd64.
Preparing to unpack .../libcom-err2_1.44.1-1_amd64.deb ...
Unpacking libcom-err2:amd64 (1.44.1-1) ...
Selecting previously unselected package libdb5.3:amd64.
Preparing to unpack .../libdb5.3_5.3.28-13.1ubuntu1_amd64.deb ...
Unpacking libdb5.3:amd64 (5.3.28-13.1ubuntu1) ...
Selecting previously unselected package libdebconfclient0:amd64.
Preparing to unpack .../libdebconfclient0_0.213ubuntu1_amd64.deb ...
Unpacking libdebconfclient0:amd64 (0.213ubuntu1) ...
Selecting previously unselected package libext2fs2:amd64.
Preparing to unpack .../libext2fs2_1.44.1-1_amd64.deb ...
Unpacking libext2fs2:amd64 (1.44.1-1) ...
Selecting previously unselected package libfdisk1:amd64.
Preparing to unpack .../libfdisk1_2.31.1-0.4ubuntu3_amd64.deb ...
Unpacking libfdisk1:amd64 (2.31.1-0.4ubuntu3) ...
Selecting previously unselected package libgcc1:amd64.
Preparing to unpack .../libgcc1_1%3a8-20180414-1ubuntu2_amd64.deb ...
Unpacking libgcc1:amd64 (1:8-20180414-1ubuntu2) ...
Selecting previously unselected package libgcrypt20:amd64.
Preparing to unpack .../libgcrypt20_1.8.1-4ubuntu1_amd64.deb ...
Unpacking libgcrypt20:amd64 (1.8.1-4ubuntu1) ...
Selecting previously unselected package libgpg-error0:amd64.
Preparing to unpack .../libgpg-error0_1.27-6_amd64.deb ...
Unpacking libgpg-error0:amd64 (1.27-6) ...
Selecting previously unselected package liblz4-1:amd64.
Preparing to unpack .../liblz4-1_0.0~r131-2ubuntu3_amd64.deb ...
Unpacking liblz4-1:amd64 (0.0~r131-2ubuntu3) ...
Selecting previously unselected package liblzma5:amd64.
Preparing to unpack .../liblzma5_5.2.2-1.3_amd64.deb ...
Unpacking liblzma5:amd64 (5.2.2-1.3) ...
Selecting previously unselected package libmount1:amd64.
Preparing to unpack .../libmount1_2.31.1-0.4ubuntu3_amd64.deb ...
Unpacking libmount1:amd64 (2.31.1-0.4ubuntu3) ...
Selecting previously unselected package libncurses5:amd64.
Preparing to unpack .../libncurses5_6.1-1ubuntu1_amd64.deb ...
Unpacking libncurses5:amd64 (6.1-1ubuntu1) ...
Selecting previously unselected package libncursesw5:amd64.
Preparing to unpack .../libncursesw5_6.1-1ubuntu1_amd64.deb ...
Unpacking libncursesw5:amd64 (6.1-1ubuntu1) ...
Selecting previously unselected package libpam-modules:amd64.
dpkg: regarding .../libpam-modules_1.1.8-3.6ubuntu2_amd64.deb containing libpam-modules:amd64, pre-dependency problem:
 libpam-modules pre-depends on libaudit1 (>= 1:2.2.1)
  libaudit1:amd64 is unpacked, but has never been configured.

dpkg: warning: ignoring pre-dependency problem!
dpkg: regarding .../libpam-modules_1.1.8-3.6ubuntu2_amd64.deb containing libpam-modules:amd64, pre-dependency problem:
 libpam-modules pre-depends on libdb5.3
  libdb5.3:amd64 is unpacked, but has never been configured.

dpkg: warning: ignoring pre-dependency problem!
dpkg: regarding .../libpam-modules_1.1.8-3.6ubuntu2_amd64.deb containing libpam-modules:amd64, pre-dependency problem:
 libpam-modules pre-depends on libpam0g (>= 1.1.3-2)
  libpam0g is not installed.

dpkg: warning: ignoring pre-dependency problem!
dpkg: regarding .../libpam-modules_1.1.8-3.6ubuntu2_amd64.deb containing libpam-modules:amd64, pre-dependency problem:
 libpam-modules pre-depends on libselinux1 (>= 2.1.9)
  libselinux1 is not installed.

dpkg: warning: ignoring pre-dependency problem!
dpkg: regarding .../libpam-modules_1.1.8-3.6ubuntu2_amd64.deb containing libpam-modules:amd64, pre-dependency problem:
 libpam-modules pre-depends on debconf (>= 0.5) | debconf-2.0
  debconf is unpacked, but has never been configured.
  debconf provides debconf-2.0 but is unpacked but not configured.

dpkg: warning: ignoring pre-dependency problem!
dpkg: regarding .../libpam-modules_1.1.8-3.6ubuntu2_amd64.deb containing libpam-modules:amd64, pre-dependency problem:
 libpam-modules pre-depends on libpam-modules-bin (= 1.1.8-3.6ubuntu2)
  libpam-modules-bin is not installed.

dpkg: warning: ignoring pre-dependency problem!
Preparing to unpack .../libpam-modules_1.1.8-3.6ubuntu2_amd64.deb ...
Unpacking libpam-modules:amd64 (1.1.8-3.6ubuntu2) ...
Selecting previously unselected package libpam-modules-bin.
Preparing to unpack .../libpam-modules-bin_1.1.8-3.6ubuntu2_amd64.deb ...
Unpacking libpam-modules-bin (1.1.8-3.6ubuntu2) ...
Selecting previously unselected package libpam-runtime.
Preparing to unpack .../libpam-runtime_1.1.8-3.6ubuntu2_all.deb ...
Unpacking libpam-runtime (1.1.8-3.6ubuntu2) ...
Selecting previously unselected package libpam0g:amd64.
Preparing to unpack .../libpam0g_1.1.8-3.6ubuntu2_amd64.deb ...
Unpacking libpam0g:amd64 (1.1.8-3.6ubuntu2) ...
Selecting previously unselected package libpcre3:amd64.
Preparing to unpack .../libpcre3_2%3a8.39-9_amd64.deb ...
Unpacking libpcre3:amd64 (2:8.39-9) ...
Selecting previously unselected package libprocps6:amd64.
Preparing to unpack .../libprocps6_2%3a3.3.12-3ubuntu1_amd64.deb ...
Unpacking libprocps6:amd64 (2:3.3.12-3ubuntu1) ...
Selecting previously unselected package libselinux1:amd64.
Preparing to unpack .../libselinux1_2.7-2build2_amd64.deb ...
Unpacking libselinux1:amd64 (2.7-2build2) ...
Selecting previously unselected package libsemanage-common.
Preparing to unpack .../libsemanage-common_2.7-2build2_all.deb ...
Unpacking libsemanage-common (2.7-2build2) ...
Selecting previously unselected package libsemanage1:amd64.
Preparing to unpack .../libsemanage1_2.7-2build2_amd64.deb ...
Unpacking libsemanage1:amd64 (2.7-2build2) ...
Selecting previously unselected package libsepol1:amd64.
Preparing to unpack .../libsepol1_2.7-1_amd64.deb ...
Unpacking libsepol1:amd64 (2.7-1) ...
Selecting previously unselected package libsmartcols1:amd64.
Preparing to unpack .../libsmartcols1_2.31.1-0.4ubuntu3_amd64.deb ...
Unpacking libsmartcols1:amd64 (2.31.1-0.4ubuntu3) ...
Selecting previously unselected package libss2:amd64.
Preparing to unpack .../libss2_1.44.1-1_amd64.deb ...
Unpacking libss2:amd64 (1.44.1-1) ...
Selecting previously unselected package libsystemd0:amd64.
dpkg: regarding .../libsystemd0_237-3ubuntu10_amd64.deb containing libsystemd0:amd64, pre-dependency problem:
 libsystemd0 pre-depends on libgcrypt20 (>= 1.8.0)
  libgcrypt20:amd64 is unpacked, but has never been configured.

dpkg: warning: ignoring pre-dependency problem!
dpkg: regarding .../libsystemd0_237-3ubuntu10_amd64.deb containing libsystemd0:amd64, pre-dependency problem:
 libsystemd0 pre-depends on liblz4-1 (>= 0.0~r113)
  liblz4-1:amd64 is unpacked, but has never been configured.

dpkg: warning: ignoring pre-dependency problem!
dpkg: regarding .../libsystemd0_237-3ubuntu10_amd64.deb containing libsystemd0:amd64, pre-dependency problem:
 libsystemd0 pre-depends on liblzma5 (>= 5.1.1alpha+20120614)
  liblzma5:amd64 is unpacked, but has never been configured.

dpkg: warning: ignoring pre-dependency problem!
Preparing to unpack .../libsystemd0_237-3ubuntu10_amd64.deb ...
Unpacking libsystemd0:amd64 (237-3ubuntu10) ...
Selecting previously unselected package libtinfo5:amd64.
Preparing to unpack .../libtinfo5_6.1-1ubuntu1_amd64.deb ...
Unpacking libtinfo5:amd64 (6.1-1ubuntu1) ...
Selecting previously unselected package libudev1:amd64.
Preparing to unpack .../libudev1_237-3ubuntu10_amd64.deb ...
Unpacking libudev1:amd64 (237-3ubuntu10) ...
Selecting previously unselected package libuuid1:amd64.
Preparing to unpack .../libuuid1_2.31.1-0.4ubuntu3_amd64.deb ...
Unpacking libuuid1:amd64 (2.31.1-0.4ubuntu3) ...
Selecting previously unselected package libzstd1:amd64.
Preparing to unpack .../libzstd1_1.3.3+dfsg-2ubuntu1_amd64.deb ...
Unpacking libzstd1:amd64 (1.3.3+dfsg-2ubuntu1) ...
Selecting previously unselected package login.
dpkg: regarding .../login_1%3a4.5-1ubuntu1_amd64.deb containing login, pre-dependency problem:
 login pre-depends on libaudit1 (>= 1:2.2.1)
  libaudit1:amd64 is unpacked, but has never been configured.

dpkg: warning: ignoring pre-dependency problem!
dpkg: regarding .../login_1%3a4.5-1ubuntu1_amd64.deb containing login, pre-dependency problem:
 login pre-depends on libpam0g (>= 0.99.7.1)
  libpam0g:amd64 is unpacked, but has never been configured.

dpkg: warning: ignoring pre-dependency problem!
dpkg: regarding .../login_1%3a4.5-1ubuntu1_amd64.deb containing login, pre-dependency problem:
 login pre-depends on libpam-runtime
  libpam-runtime is unpacked, but has never been configured.

dpkg: warning: ignoring pre-dependency problem!
dpkg: regarding .../login_1%3a4.5-1ubuntu1_amd64.deb containing login, pre-dependency problem:
 login pre-depends on libpam-modules (>= 1.1.8-1)
  libpam-modules:amd64 is unpacked, but has never been configured.

dpkg: warning: ignoring pre-dependency problem!
Preparing to unpack .../login_1%3a4.5-1ubuntu1_amd64.deb ...
Unpacking login (1:4.5-1ubuntu1) ...
Selecting previously unselected package lsb-base.
Preparing to unpack .../lsb-base_9.20170808ubuntu1_all.deb ...
Unpacking lsb-base (9.20170808ubuntu1) ...
Preparing to unpack .../mawk_1.3.3-17ubuntu3_amd64.deb ...
Unpacking mawk (1.3.3-17ubuntu3) over (1.3.3-17ubuntu3) ...
Selecting previously unselected package mount.
dpkg: regarding .../mount_2.31.1-0.4ubuntu3_amd64.deb containing mount, pre-dependency problem:
 mount pre-depends on libblkid1 (>= 2.17.2)
  libblkid1:amd64 is unpacked, but has never been configured.

dpkg: warning: ignoring pre-dependency problem!
dpkg: regarding .../mount_2.31.1-0.4ubuntu3_amd64.deb containing mount, pre-dependency problem:
 mount pre-depends on libmount1 (>= 2.30.2)
  libmount1:amd64 is unpacked, but has never been configured.

dpkg: warning: ignoring pre-dependency problem!
dpkg: regarding .../mount_2.31.1-0.4ubuntu3_amd64.deb containing mount, pre-dependency problem:
 mount pre-depends on libsmartcols1 (>= 2.27~rc1)
  libsmartcols1:amd64 is unpacked, but has never been configured.

dpkg: warning: ignoring pre-dependency problem!
Preparing to unpack .../mount_2.31.1-0.4ubuntu3_amd64.deb ...
Unpacking mount (2.31.1-0.4ubuntu3) ...
Selecting previously unselected package ncurses-base.
Preparing to unpack .../ncurses-base_6.1-1ubuntu1_all.deb ...
Unpacking ncurses-base (6.1-1ubuntu1) ...
Selecting previously unselected package ncurses-bin.
dpkg: regarding .../ncurses-bin_6.1-1ubuntu1_amd64.deb containing ncurses-bin, pre-dependency problem:
 ncurses-bin pre-depends on libtinfo5 (>= 6.1)
  libtinfo5:amd64 is unpacked, but has never been configured.

dpkg: warning: ignoring pre-dependency problem!
Preparing to unpack .../ncurses-bin_6.1-1ubuntu1_amd64.deb ...
Unpacking ncurses-bin (6.1-1ubuntu1) ...
Selecting previously unselected package passwd.
Preparing to unpack .../passwd_1%3a4.5-1ubuntu1_amd64.deb ...
Unpacking passwd (1:4.5-1ubuntu1) ...
Preparing to unpack .../perl-base_5.26.1-6_amd64.deb ...
Unpacking perl-base (5.26.1-6) over (5.26.1-6) ...
Selecting previously unselected package procps.
Preparing to unpack .../procps_2%3a3.3.12-3ubuntu1_amd64.deb ...
Unpacking procps (2:3.3.12-3ubuntu1) ...
Selecting previously unselected package sed.
dpkg: regarding .../archives/sed_4.4-2_amd64.deb containing sed, pre-dependency problem:
 sed pre-depends on libselinux1 (>= 1.32)
  libselinux1:amd64 is unpacked, but has never been configured.

dpkg: warning: ignoring pre-dependency problem!
Preparing to unpack .../archives/sed_4.4-2_amd64.deb ...
Unpacking sed (4.4-2) ...
Selecting previously unselected package sensible-utils.
Preparing to unpack .../sensible-utils_0.0.12_all.deb ...
Unpacking sensible-utils (0.0.12) ...
Selecting previously unselected package sysvinit-utils.
Preparing to unpack .../sysvinit-utils_2.88dsf-59.10ubuntu1_amd64.deb ...
Unpacking sysvinit-utils (2.88dsf-59.10ubuntu1) ...
Selecting previously unselected package tar.
dpkg: regarding .../archives/tar_1.29b-2_amd64.deb containing tar, pre-dependency problem:
 tar pre-depends on libacl1 (>= 2.2.51-8)
  libacl1:amd64 is unpacked, but has never been configured.

dpkg: warning: ignoring pre-dependency problem!
dpkg: regarding .../archives/tar_1.29b-2_amd64.deb containing tar, pre-dependency problem:
 tar pre-depends on libselinux1 (>= 1.32)
  libselinux1:amd64 is unpacked, but has never been configured.

dpkg: warning: ignoring pre-dependency problem!
Preparing to unpack .../archives/tar_1.29b-2_amd64.deb ...
Unpacking tar (1.29b-2) ...
Selecting previously unselected package util-linux.
dpkg: regarding .../util-linux_2.31.1-0.4ubuntu3_amd64.deb containing util-linux, pre-dependency problem:
 util-linux pre-depends on libaudit1 (>= 1:2.2.1)
  libaudit1:amd64 is unpacked, but has never been configured.

dpkg: warning: ignoring pre-dependency problem!
dpkg: regarding .../util-linux_2.31.1-0.4ubuntu3_amd64.deb containing util-linux, pre-dependency problem:
 util-linux pre-depends on libblkid1 (>= 2.31.1)
  libblkid1:amd64 is unpacked, but has never been configured.

dpkg: warning: ignoring pre-dependency problem!
dpkg: regarding .../util-linux_2.31.1-0.4ubuntu3_amd64.deb containing util-linux, pre-dependency problem:
 util-linux pre-depends on libmount1 (>= 2.25)
  libmount1:amd64 is unpacked, but has never been configured.

dpkg: warning: ignoring pre-dependency problem!
dpkg: regarding .../util-linux_2.31.1-0.4ubuntu3_amd64.deb containing util-linux, pre-dependency problem:
 util-linux pre-depends on libpam0g (>= 0.99.7.1)
  libpam0g:amd64 is unpacked, but has never been configured.

dpkg: warning: ignoring pre-dependency problem!
dpkg: regarding .../util-linux_2.31.1-0.4ubuntu3_amd64.deb containing util-linux, pre-dependency problem:
 util-linux pre-depends on libselinux1 (>= 2.6-3~)
  libselinux1:amd64 is unpacked, but has never been configured.

dpkg: warning: ignoring pre-dependency problem!
dpkg: regarding .../util-linux_2.31.1-0.4ubuntu3_amd64.deb containing util-linux, pre-dependency problem:
 util-linux pre-depends on libsmartcols1 (>= 2.30.2)
  libsmartcols1:amd64 is unpacked, but has never been configured.

dpkg: warning: ignoring pre-dependency problem!
dpkg: regarding .../util-linux_2.31.1-0.4ubuntu3_amd64.deb containing util-linux, pre-dependency problem:
 util-linux pre-depends on libsystemd0
  libsystemd0:amd64 is unpacked, but has never been configured.

dpkg: warning: ignoring pre-dependency problem!
dpkg: regarding .../util-linux_2.31.1-0.4ubuntu3_amd64.deb containing util-linux, pre-dependency problem:
 util-linux pre-depends on libtinfo5 (>= 6)
  libtinfo5:amd64 is unpacked, but has never been configured.

dpkg: warning: ignoring pre-dependency problem!
dpkg: regarding .../util-linux_2.31.1-0.4ubuntu3_amd64.deb containing util-linux, pre-dependency problem:
 util-linux pre-depends on libudev1 (>= 183)
  libudev1:amd64 is unpacked, but has never been configured.

dpkg: warning: ignoring pre-dependency problem!
dpkg: regarding .../util-linux_2.31.1-0.4ubuntu3_amd64.deb containing util-linux, pre-dependency problem:
 util-linux pre-depends on libuuid1 (>= 2.16)
  libuuid1:amd64 is unpacked, but has never been configured.

dpkg: warning: ignoring pre-dependency problem!
dpkg: regarding .../util-linux_2.31.1-0.4ubuntu3_amd64.deb containing util-linux, pre-dependency problem:
 util-linux pre-depends on zlib1g (>= 1:1.1.4)
  zlib1g is not installed.

dpkg: warning: ignoring pre-dependency problem!
Preparing to unpack .../util-linux_2.31.1-0.4ubuntu3_amd64.deb ...
Unpacking util-linux (2.31.1-0.4ubuntu3) ...
Selecting previously unselected package zlib1g:amd64.
Preparing to unpack .../zlib1g_1%3a1.2.11.dfsg-0ubuntu2_amd64.deb ...
Unpacking zlib1g:amd64 (1:1.2.11.dfsg-0ubuntu2) ...
Setting up lsb-base (9.20170808ubuntu1) ...
Setting up sensible-utils (0.0.12) ...
Setting up ncurses-base (6.1-1ubuntu1) ...
Setting up libsemanage-common (2.7-2build2) ...
Setting up gcc-8-base:amd64 (8-20180414-1ubuntu2) ...
Setting up libaudit-common (1:2.8.2-1ubuntu1) ...
Setting up libc6:amd64 (2.27-3ubuntu1) ...
Setting up libpcre3:amd64 (2:8.39-9) ...
Setting up libbz2-1.0:amd64 (1.0.6-8.1) ...
Setting up libgpg-error0:amd64 (1.27-6) ...
Setting up libc-bin (2.27-3ubuntu1) ...
Setting up libdebconfclient0:amd64 (0.213ubuntu1) ...
Setting up libselinux1:amd64 (2.7-2build2) ...
Setting up diffutils (1:3.6-1) ...
Setting up findutils (4.6.0+git+20170828-2) ...
Setting up libcap-ng0:amd64 (0.7.7-3.1) ...
Setting up libext2fs2:amd64 (1.44.1-1) ...
Setting up libsepol1:amd64 (2.7-1) ...
Setting up libgcc1:amd64 (1:8-20180414-1ubuntu2) ...
Setting up sed (4.4-2) ...
Setting up libsmartcols1:amd64 (2.31.1-0.4ubuntu3) ...
Setting up libcom-err2:amd64 (1.44.1-1) ...
Setting up libaudit1:amd64 (1:2.8.2-1ubuntu1) ...
Setting up libtinfo5:amd64 (6.1-1ubuntu1) ...
Setting up libudev1:amd64 (237-3ubuntu10) ...
Setting up libattr1:amd64 (1:2.4.47-2build1) ...
Setting up libss2:amd64 (1.44.1-1) ...
Setting up liblzma5:amd64 (5.2.2-1.3) ...
Setting up base-passwd (3.5.44) ...
Setting up liblz4-1:amd64 (0.0~r131-2ubuntu3) ...
Setting up debianutils (4.8.4) ...
Setting up libgcrypt20:amd64 (1.8.1-4ubuntu1) ...
Setting up libncursesw5:amd64 (6.1-1ubuntu1) ...
Setting up libuuid1:amd64 (2.31.1-0.4ubuntu3) ...
Setting up libdb5.3:amd64 (5.3.28-13.1ubuntu1) ...
Setting up zlib1g:amd64 (1:1.2.11.dfsg-0ubuntu2) ...
Setting up hostname (3.20) ...
Setting up mawk (1.3.3-17ubuntu3) ...
Setting up libsystemd0:amd64 (237-3ubuntu10) ...
Setting up libzstd1:amd64 (1.3.3+dfsg-2ubuntu1) ...
Setting up libprocps6:amd64 (2:3.3.12-3ubuntu1) ...
Setting up libblkid1:amd64 (2.31.1-0.4ubuntu3) ...
Setting up base-files (10.1ubuntu2) ...
Setting up libsemanage1:amd64 (2.7-2build2) ...
Setting up libmount1:amd64 (2.31.1-0.4ubuntu3) ...
Setting up libacl1:amd64 (2.2.52-3build1) ...
Setting up ncurses-bin (6.1-1ubuntu1) ...
Setting up libncurses5:amd64 (6.1-1ubuntu1) ...
Setting up bash (4.4.18-2ubuntu1) ...
update-alternatives: using /usr/share/man/man7/bash-builtins.7.gz to provide /usr/share/man/man7/builtins.7.gz (builtins.7.gz) in auto mode
Setting up bsdutils (1:2.31.1-0.4ubuntu3) ...
Setting up libfdisk1:amd64 (2.31.1-0.4ubuntu3) ...
Setting up coreutils (8.28-1ubuntu1) ...
Setting up e2fsprogs (1.44.1-1) ...
Setting up tar (1.29b-2) ...
update-alternatives: using /usr/sbin/rmt-tar to provide /usr/sbin/rmt (rmt) in auto mode
Setting up dpkg (1.19.0.5ubuntu2) ...
Setting up fdisk (2.31.1-0.4ubuntu3) ...
Setting up perl-base (5.26.1-6) ...
Setting up grep (3.1-2) ...
Setting up debconf (1.5.66) ...
Setting up gzip (1.6-5ubuntu1) ...
Setting up dash (0.5.8-2.10) ...
Removing 'diversion of /bin/sh to /bin/sh.distrib by bash'
Adding 'diversion of /bin/sh to /bin/sh.distrib by dash'
Removing 'diversion of /usr/share/man/man1/sh.1.gz to /usr/share/man/man1/sh.distrib.1.gz by bash'
Adding 'diversion of /usr/share/man/man1/sh.1.gz to /usr/share/man/man1/sh.distrib.1.gz by dash'
Setting up init-system-helpers (1.51) ...
Setting up libpam0g:amd64 (1.1.8-3.6ubuntu2) ...
Setting up util-linux (2.31.1-0.4ubuntu3) ...
update-alternatives: using /bin/more to provide /usr/bin/pager (pager) in auto mode
Setting up libpam-modules-bin (1.1.8-3.6ubuntu2) ...
Setting up mount (2.31.1-0.4ubuntu3) ...
Setting up procps (2:3.3.12-3ubuntu1) ...
update-alternatives: using /usr/bin/w.procps to provide /usr/bin/w (w) in auto mode
Setting up sysvinit-utils (2.88dsf-59.10ubuntu1) ...
Setting up libpam-modules:amd64 (1.1.8-3.6ubuntu2) ...
Setting up libpam-runtime (1.1.8-3.6ubuntu2) ...
Setting up passwd (1:4.5-1ubuntu1) ...
Shadow passwords are now on.
Setting up login (1:4.5-1ubuntu1) ...
Processing triggers for libc-bin (2.27-3ubuntu1) ...
(Reading database ... 3550 files and directories currently installed.)
Preparing to unpack .../adduser_3.116ubuntu1_all.deb ...
Unpacking adduser (3.116ubuntu1) ...
Preparing to unpack .../archives/apt_1.6.1_amd64.deb ...
Unpacking apt (1.6.1) ...
Preparing to unpack .../bzip2_1.0.6-8.1_amd64.deb ...
Unpacking bzip2 (1.0.6-8.1) ...
Preparing to unpack .../gpgv_2.2.4-1ubuntu1_amd64.deb ...
Unpacking gpgv (2.2.4-1ubuntu1) ...
Preparing to unpack .../libapt-pkg5.0_1.6.1_amd64.deb ...
Unpacking libapt-pkg5.0:amd64 (1.6.1) ...
Preparing to unpack .../libffi6_3.2.1-8_amd64.deb ...
Unpacking libffi6:amd64 (3.2.1-8) ...
Preparing to unpack .../libgmp10_2%3a6.1.2+dfsg-2_amd64.deb ...
Unpacking libgmp10:amd64 (2:6.1.2+dfsg-2) ...
Preparing to unpack .../libgnutls30_3.5.18-1ubuntu1_amd64.deb ...
Unpacking libgnutls30:amd64 (3.5.18-1ubuntu1) ...
Preparing to unpack .../libhogweed4_3.4-1_amd64.deb ...
Unpacking libhogweed4:amd64 (3.4-1) ...
Preparing to unpack .../libidn2-0_2.0.4-1.1build2_amd64.deb ...
Unpacking libidn2-0:amd64 (2.0.4-1.1build2) ...
Preparing to unpack .../libnettle6_3.4-1_amd64.deb ...
Unpacking libnettle6:amd64 (3.4-1) ...
Preparing to unpack .../libp11-kit0_0.23.9-2_amd64.deb ...
Unpacking libp11-kit0:amd64 (0.23.9-2) ...
Preparing to unpack .../libseccomp2_2.3.1-2.1ubuntu4_amd64.deb ...
Unpacking libseccomp2:amd64 (2.3.1-2.1ubuntu4) ...
Preparing to unpack .../libstdc++6_8-20180414-1ubuntu2_amd64.deb ...
Unpacking libstdc++6:amd64 (8-20180414-1ubuntu2) ...
Preparing to unpack .../libtasn1-6_4.13-2_amd64.deb ...
Unpacking libtasn1-6:amd64 (4.13-2) ...
Preparing to unpack .../libunistring2_0.9.9-0ubuntu1_amd64.deb ...
Unpacking libunistring2:amd64 (0.9.9-0ubuntu1) ...
Preparing to unpack .../ubuntu-keyring_2018.02.28_all.deb ...
Unpacking ubuntu-keyring (2018.02.28) ...
Processing triggers for libc-bin (2.27-3ubuntu1) ...
Setting up libunistring2:amd64 (0.9.9-0ubuntu1) ...
Setting up libnettle6:amd64 (3.4-1) ...
Setting up libidn2-0:amd64 (2.0.4-1.1build2) ...
Setting up gpgv (2.2.4-1ubuntu1) ...
Setting up libtasn1-6:amd64 (4.13-2) ...
Setting up bzip2 (1.0.6-8.1) ...
Setting up libgmp10:amd64 (2:6.1.2+dfsg-2) ...
Setting up libseccomp2:amd64 (2.3.1-2.1ubuntu4) ...
Setting up libstdc++6:amd64 (8-20180414-1ubuntu2) ...
Setting up libffi6:amd64 (3.2.1-8) ...
Setting up adduser (3.116ubuntu1) ...
Setting up ubuntu-keyring (2018.02.28) ...
Setting up libapt-pkg5.0:amd64 (1.6.1) ...
Setting up libhogweed4:amd64 (3.4-1) ...
Setting up libp11-kit0:amd64 (0.23.9-2) ...
Setting up libgnutls30:amd64 (3.5.18-1ubuntu1) ...
Setting up apt (1.6.1) ...
Processing triggers for libc-bin (2.27-3ubuntu1) ...
